<?xml version="1.0" encoding="UTF-8"?>
<testsuite name="com.bridgelabz.InvoiceGeneratorTest" tests="1" skipped="0" failures="0" errors="0" timestamp="2021-08-10T11:59:08" hostname="LAPTOP-EJ5FUF38" time="0.004">
  <properties/>
  <testcase name="givenDistanceAndTime_ShouldMinimumFare" classname="com.bridgelabz.InvoiceGeneratorTest" time="0.004"/>
  <system-out><![CDATA[]]></system-out>
  <system-err><![CDATA[]]></system-err>
</testsuite>
