<?xml version="1.0" encoding="UTF-8"?>
<testsuite name="com.bridgelabz.InvoiceGeneratorTest" tests="1" skipped="0" failures="0" errors="0" timestamp="2021-08-10T18:56:32" hostname="LAPTOP-EJ5FUF38" time="0.006">
  <properties/>
  <testcase name="givenUserIdAndRides_ShouldReturn_MultipleInvoiceSummary" classname="com.bridgelabz.InvoiceGeneratorTest" time="0.006"/>
  <system-out><![CDATA[]]></system-out>
  <system-err><![CDATA[]]></system-err>
</testsuite>
